<?xml version="1.0" encoding="UTF-8"?>
<testng-results ignored="0" total="1" passed="1" failed="0" skipped="0">
  <reporter-output>
  </reporter-output>
  <suite started-at="2024-05-17T16:45:28 IST" name="Surefire suite" finished-at="2024-05-17T16:46:15 IST" duration-ms="46883">
    <groups>
      <group name="cucumber">
        <method signature="AbstractTestNGCucumberTests.runScenario(io.cucumber.testng.PickleWrapper,io.cucumber.testng.FeatureWrapper)[pri:0, instance:CucumberOptions.TestNGRunner@4310d43]" name="runScenario" class="io.cucumber.testng.AbstractTestNGCucumberTests"/>
      </group> <!-- cucumber -->
    </groups>
    <test started-at="2024-05-17T16:45:28 IST" name="Surefire test" finished-at="2024-05-17T16:46:15 IST" duration-ms="46883">
      <class name="CucumberOptions.TestNGRunner">
        <test-method is-config="true" signature="setUpClass(org.testng.ITestContext)[pri:0, instance:CucumberOptions.TestNGRunner@4310d43]" started-at="2024-05-17T16:45:28 IST" name="setUpClass" finished-at="2024-05-17T16:45:30 IST" duration-ms="1664" status="PASS">
          <params>
            <param index="0">
              <value>
                <![CDATA[org.testng.TestRunner@57fae983]]>
              </value>
            </param>
          </params>
          <reporter-output>
          </reporter-output>
        </test-method> <!-- setUpClass -->
        <test-method signature="runScenario(io.cucumber.testng.PickleWrapper,io.cucumber.testng.FeatureWrapper)[pri:0, instance:CucumberOptions.TestNGRunner@4310d43]" started-at="2024-05-17T16:45:30 IST" name="runScenario" description="Runs Cucumber Scenarios" data-provider="scenarios" finished-at="2024-05-17T16:46:14 IST" duration-ms="43430" status="PASS">
          <params>
            <param index="0">
              <value>
                <![CDATA["place the item to Cart and proceed to checkout the product"]]>
              </value>
            </param>
            <param index="1">
              <value>
                <![CDATA["Place order for the product"]]>
              </value>
            </param>
          </params>
          <reporter-output>
          </reporter-output>
        </test-method> <!-- runScenario -->
        <test-method is-config="true" signature="tearDownClass()[pri:0, instance:CucumberOptions.TestNGRunner@4310d43]" started-at="2024-05-17T16:46:14 IST" name="tearDownClass" finished-at="2024-05-17T16:46:15 IST" duration-ms="1188" status="PASS">
          <reporter-output>
          </reporter-output>
        </test-method> <!-- tearDownClass -->
      </class> <!-- CucumberOptions.TestNGRunner -->
    </test> <!-- Surefire test -->
  </suite> <!-- Surefire suite -->
</testng-results>
