<?xml version="1.0" encoding="UTF-8"?>
<!-- Generated by org.testng.reporters.JUnitReportReporter -->
<testsuite hostname="Tom" failures="1" tests="3" name="CucumberOptions.TestNGRunner" time="38.250" errors="0" timestamp="2024-05-12T23:35:04 IST" skipped="0">
  <testcase classname="CucumberOptions.TestNGRunner" name="runScenario" time="10.798"/>
  <system-out/>
  <testcase classname="CucumberOptions.TestNGRunner" name="runScenario" time="13.163"/>
  <system-out/>
  <testcase classname="CucumberOptions.TestNGRunner" name="runScenario" time="14.289">
    <failure message="expected [Beetroot] but found [No data]" type="java.lang.AssertionError">
      <![CDATA[java.lang.AssertionError: expected [Beetroot] but found [No data]
at org.testng.Assert.fail(Assert.java:99)
at org.testng.Assert.failNotEquals(Assert.java:1037)
at org.testng.Assert.assertEqualsImpl(Assert.java:140)
at org.testng.Assert.assertEquals(Assert.java:122)
at org.testng.Assert.assertEquals(Assert.java:629)
at org.testng.Assert.assertEquals(Assert.java:639)
at stepDefinitions.OfferPageStepDefinition.check_both_both_the_product_names_are_same_and_close_the_browser(OfferPageStepDefinition.java:77)
at ✽.check both both the productNames are same and close the browser(file:///C:/Users/rames/eclipse-workspace/RS-Cucu-Project/src/test/java/Features/searchProduct.feature:8)
]]>
    </failure>
  </testcase> <!-- runScenario -->
  <system-out/>
</testsuite> <!-- CucumberOptions.TestNGRunner -->
